<?xml version="1.0" encoding="UTF-8"?>
<!-- Generated by org.testng.reporters.JUnitXMLReporter -->
<testsuite hostname="ip-172-31-2-140" ignored="1" name="Test" tests="3" failures="0" timestamp="2021-02-19T07:09:03 UTC" time="0.051" errors="0">
  <testcase name="method3" time="0.006" classname="Test.Testcase1"/>
  <testcase name="method3" time="0.002" classname="Test.Annotations"/>
  <testcase name="method2" time="0.0" classname="Test.Test1"/>
  <testcase name="method1" time="0.0" classname="Test.Test1">
    <ignored/>
  </testcase> <!-- method1 -->
</testsuite> <!-- Test -->
